0 info it worked if it ends with ok
1 verbose cli [ '/home/hugo/.meteor/packages/meteor-tool/.1.4.2_3.15ip43f++os.linux.x86_64+web.browser+web.cordova/mt-os.linux.x86_64/dev_bundle/bin/node',
1 verbose cli   '/home/hugo/.meteor/packages/meteor-tool/.1.4.2_3.15ip43f++os.linux.x86_64+web.browser+web.cordova/mt-os.linux.x86_64/dev_bundle/bin/npm',
1 verbose cli   'start' ]
2 info using npm@3.10.9
3 info using node@v4.6.2
4 verbose run-script [ 'prestart', 'start', 'poststart' ]
5 info lifecycle application-name@1.0.0~prestart: application-name@1.0.0
6 silly lifecycle application-name@1.0.0~prestart: no script for prestart, continuing
7 info lifecycle application-name@1.0.0~start: application-name@1.0.0
8 verbose lifecycle application-name@1.0.0~start: unsafe-perm in lifecycle true
9 verbose lifecycle application-name@1.0.0~start: PATH: /home/hugo/.meteor/packages/meteor-tool/.1.4.2_3.15ip43f++os.linux.x86_64+web.browser+web.cordova/mt-os.linux.x86_64/dev_bundle/lib/node_modules/npm/bin/node-gyp-bin:/home/hugo/rpgform/node_modules/.bin:/home/hugo/.meteor/packages/meteor-tool/.1.4.2_3.15ip43f++os.linux.x86_64+web.browser+web.cordova/mt-os.linux.x86_64/dev_bundle/bin:/home/hugo/.meteor/packages/meteor-tool/.1.4.2_3.15ip43f++os.linux.x86_64+web.browser+web.cordova/mt-os.linux.x86_64/dev_bundle/lib/node_modules/.bin:/home/hugo/.nvm/versions/node/v7.9.0/bin:/home/hugo/.local/share/umake/bin:/home/hugo/bin:/home/hugo/.local/bin:/usr/local/sbin:/usr/local/bin:/usr/sbin:/usr/bin:/sbin:/bin:/usr/games:/usr/local/games:/usr/lib/jvm/java-8-oracle/bin:/usr/lib/jvm/java-8-oracle/db/bin:/usr/lib/jvm/java-8-oracle/jre/bin:/home/hugo/Android/Sdk/tools:/home/hugo/Android/Sdk/platform-tools
10 verbose lifecycle application-name@1.0.0~start: CWD: /home/hugo/rpgform
11 silly lifecycle application-name@1.0.0~start: Args: [ '-c', 'meteor --settings settings-development.json' ]
12 silly lifecycle application-name@1.0.0~start: Returned: code: 1  signal: null
13 info lifecycle application-name@1.0.0~start: Failed to exec start script
14 verbose stack Error: application-name@1.0.0 start: `meteor --settings settings-development.json`
14 verbose stack Exit status 1
14 verbose stack     at EventEmitter.<anonymous> (/home/hugo/.meteor/packages/meteor-tool/.1.4.2_3.15ip43f++os.linux.x86_64+web.browser+web.cordova/mt-os.linux.x86_64/dev_bundle/lib/node_modules/npm/lib/utils/lifecycle.js:255:16)
14 verbose stack     at emitTwo (events.js:87:13)
14 verbose stack     at EventEmitter.emit (events.js:172:7)
14 verbose stack     at ChildProcess.<anonymous> (/home/hugo/.meteor/packages/meteor-tool/.1.4.2_3.15ip43f++os.linux.x86_64+web.browser+web.cordova/mt-os.linux.x86_64/dev_bundle/lib/node_modules/npm/lib/utils/spawn.js:40:14)
14 verbose stack     at emitTwo (events.js:87:13)
14 verbose stack     at ChildProcess.emit (events.js:172:7)
14 verbose stack     at maybeClose (internal/child_process.js:854:16)
14 verbose stack     at Process.ChildProcess._handle.onexit (internal/child_process.js:222:5)
15 verbose pkgid application-name@1.0.0
16 verbose cwd /home/hugo/rpgform
17 error Linux 4.4.0-38-generic
18 error argv "/home/hugo/.meteor/packages/meteor-tool/.1.4.2_3.15ip43f++os.linux.x86_64+web.browser+web.cordova/mt-os.linux.x86_64/dev_bundle/bin/node" "/home/hugo/.meteor/packages/meteor-tool/.1.4.2_3.15ip43f++os.linux.x86_64+web.browser+web.cordova/mt-os.linux.x86_64/dev_bundle/bin/npm" "start"
19 error node v4.6.2
20 error npm  v3.10.9
21 error code ELIFECYCLE
22 error application-name@1.0.0 start: `meteor --settings settings-development.json`
22 error Exit status 1
23 error Failed at the application-name@1.0.0 start script 'meteor --settings settings-development.json'.
23 error Make sure you have the latest version of node.js and npm installed.
23 error If you do, this is most likely a problem with the application-name package,
23 error not with npm itself.
23 error Tell the author that this fails on your system:
23 error     meteor --settings settings-development.json
23 error You can get information on how to open an issue for this project with:
23 error     npm bugs application-name
23 error Or if that isn't available, you can get their info via:
23 error     npm owner ls application-name
23 error There is likely additional logging output above.
24 verbose exit [ 1, true ]
